{"C:\\Users\\leederic9306\\Desktop\\workspace\\cladue\\workout\\apps\\backend\\src\\app.module.ts": {"path":"C:\\Users\\leederic9306\\Desktop\\workspace\\cladue\\workout\\apps\\backend\\src\\app.module.ts","statementMap":{"0":{"start":{"line":1,"column":0},"end":{"line":1,"column":40}},"1":{"start":{"line":2,"column":0},"end":{"line":2,"column":46}},"2":{"start":{"line":3,"column":0},"end":{"line":3,"column":54}},"3":{"start":{"line":4,"column":0},"end":{"line":4,"column":48}},"4":{"start":{"line":5,"column":0},"end":{"line":5,"column":51}},"5":{"start":{"line":15,"column":7},"end":{"line":15,"column":null}},"6":{"start":{"line":15,"column":13},"end":{"line":15,"column":22}},"7":{"start":{"line":15,"column":13},"end":{"line":15,"column":null}}},"fnMap":{},"branchMap":{},"s":{"0":0,"1":0,"2":0,"3":0,"4":0,"5":0,"6":0,"7":0},"f":{},"b":{}}
,"C:\\Users\\leederic9306\\Desktop\\workspace\\cladue\\workout\\apps\\backend\\src\\main.ts": {"path":"C:\\Users\\leederic9306\\Desktop\\workspace\\cladue\\workout\\apps\\backend\\src\\main.ts","statementMap":{"0":{"start":{"line":1,"column":0},"end":{"line":1,"column":43}},"1":{"start":{"line":2,"column":0},"end":{"line":2,"column":48}},"2":{"start":{"line":3,"column":0},"end":{"line":3,"column":28}},"3":{"start":{"line":4,"column":0},"end":{"line":4,"column":41}},"4":{"start":{"line":7,"column":14},"end":{"line":7,"column":49}},"5":{"start":{"line":9,"column":2},"end":{"line":9,"column":20}},"6":{"start":{"line":10,"column":2},"end":{"line":10,"column":19}},"7":{"start":{"line":11,"column":2},"end":{"line":17,"column":4}},"8":{"start":{"line":19,"column":15},"end":{"line":19,"column":39}},"9":{"start":{"line":20,"column":2},"end":{"line":20,"column":25}},"10":{"start":{"line":21,"column":2},"end":{"line":21,"column":69}},"11":{"start":{"line":24,"column":0},"end":{"line":24,"column":12}}},"fnMap":{"0":{"name":"bootstrap","decl":{"start":{"line":6,"column":15},"end":{"line":6,"column":24}},"loc":{"start":{"line":6,"column":24},"end":{"line":22,"column":1}}}},"branchMap":{"0":{"loc":{"start":{"line":19,"column":15},"end":{"line":19,"column":39}},"type":"binary-expr","locations":[{"start":{"line":19,"column":15},"end":{"line":19,"column":31}},{"start":{"line":19,"column":35},"end":{"line":19,"column":39}}]}},"s":{"0":0,"1":0,"2":0,"3":0,"4":0,"5":0,"6":0,"7":0,"8":0,"9":0,"10":0,"11":0},"f":{"0":0},"b":{"0":[0,0]}}
,"C:\\Users\\leederic9306\\Desktop\\workspace\\cladue\\workout\\apps\\backend\\src\\auth\\auth.controller.ts": {"path":"C:\\Users\\leederic9306\\Desktop\\workspace\\cladue\\workout\\apps\\backend\\src\\auth\\auth.controller.ts","statementMap":{"0":{"start":{"line":1,"column":0},"end":{"line":1,"column":null}},"1":{"start":{"line":10,"column":0},"end":{"line":10,"column":45}},"2":{"start":{"line":11,"column":0},"end":{"line":11,"column":67}},"3":{"start":{"line":12,"column":0},"end":{"line":12,"column":45}},"4":{"start":{"line":13,"column":0},"end":{"line":13,"column":43}},"5":{"start":{"line":14,"column":0},"end":{"line":14,"column":58}},"6":{"start":{"line":15,"column":0},"end":{"line":15,"column":55}},"7":{"start":{"line":16,"column":0},"end":{"line":16,"column":61}},"8":{"start":{"line":22,"column":7},"end":{"line":63,"column":null}},"9":{"start":{"line":23,"column":31},"end":{"line":23,"column":44}},"10":{"start":{"line":29,"column":4},"end":{"line":29,"column":55}},"11":{"start":{"line":36,"column":4},"end":{"line":36,"column":40}},"12":{"start":{"line":43,"column":4},"end":{"line":43,"column":39}},"13":{"start":{"line":51,"column":20},"end":{"line":51,"column":69}},"14":{"start":{"line":52,"column":4},"end":{"line":52,"column":82}},"15":{"start":{"line":60,"column":17},"end":{"line":60,"column":39}},"16":{"start":{"line":61,"column":4},"end":{"line":61,"column":60}},"17":{"start":{"line":22,"column":13},"end":{"line":22,"column":27}},"18":{"start":{"line":28,"column":8},"end":{"line":30,"column":null}},"19":{"start":{"line":35,"column":8},"end":{"line":37,"column":null}},"20":{"start":{"line":42,"column":8},"end":{"line":44,"column":null}},"21":{"start":{"line":50,"column":8},"end":{"line":53,"column":null}},"22":{"start":{"line":59,"column":8},"end":{"line":62,"column":null}},"23":{"start":{"line":22,"column":13},"end":{"line":63,"column":null}}},"fnMap":{"0":{"name":"(anonymous_4)","decl":{"start":{"line":23,"column":2},"end":{"line":23,"column":31}},"loc":{"start":{"line":23,"column":55},"end":{"line":23,"column":59}}},"1":{"name":"(anonymous_5)","decl":{"start":{"line":28,"column":2},"end":{"line":28,"column":7}},"loc":{"start":{"line":28,"column":57},"end":{"line":30,"column":3}}},"2":{"name":"(anonymous_6)","decl":{"start":{"line":35,"column":2},"end":{"line":35,"column":7}},"loc":{"start":{"line":35,"column":37},"end":{"line":37,"column":3}}},"3":{"name":"(anonymous_7)","decl":{"start":{"line":42,"column":2},"end":{"line":42,"column":7}},"loc":{"start":{"line":42,"column":35},"end":{"line":44,"column":3}}},"4":{"name":"(anonymous_8)","decl":{"start":{"line":50,"column":2},"end":{"line":50,"column":7}},"loc":{"start":{"line":50,"column":66},"end":{"line":53,"column":3}}},"5":{"name":"(anonymous_9)","decl":{"start":{"line":59,"column":2},"end":{"line":59,"column":7}},"loc":{"start":{"line":59,"column":34},"end":{"line":62,"column":3}}}},"branchMap":{},"s":{"0":1,"1":1,"2":1,"3":1,"4":1,"5":1,"6":1,"7":1,"8":1,"9":5,"10":1,"11":1,"12":1,"13":1,"14":1,"15":1,"16":1,"17":1,"18":1,"19":1,"20":1,"21":1,"22":1,"23":1},"f":{"0":5,"1":1,"2":1,"3":1,"4":1,"5":1},"b":{}}
,"C:\\Users\\leederic9306\\Desktop\\workspace\\cladue\\workout\\apps\\backend\\src\\auth\\auth.module.ts": {"path":"C:\\Users\\leederic9306\\Desktop\\workspace\\cladue\\workout\\apps\\backend\\src\\auth\\auth.module.ts","statementMap":{"0":{"start":{"line":1,"column":0},"end":{"line":1,"column":40}},"1":{"start":{"line":2,"column":0},"end":{"line":2,"column":40}},"2":{"start":{"line":3,"column":0},"end":{"line":3,"column":50}},"3":{"start":{"line":4,"column":0},"end":{"line":4,"column":51}},"4":{"start":{"line":5,"column":0},"end":{"line":5,"column":45}},"5":{"start":{"line":6,"column":0},"end":{"line":6,"column":56}},"6":{"start":{"line":7,"column":0},"end":{"line":7,"column":71}},"7":{"start":{"line":8,"column":0},"end":{"line":8,"column":66}},"8":{"start":{"line":9,"column":0},"end":{"line":9,"column":52}},"9":{"start":{"line":21,"column":7},"end":{"line":21,"column":null}},"10":{"start":{"line":21,"column":13},"end":{"line":21,"column":23}},"11":{"start":{"line":21,"column":13},"end":{"line":21,"column":null}}},"fnMap":{},"branchMap":{},"s":{"0":0,"1":0,"2":0,"3":0,"4":0,"5":0,"6":0,"7":0,"8":0,"9":0,"10":0,"11":0},"f":{},"b":{}}
,"C:\\Users\\leederic9306\\Desktop\\workspace\\cladue\\workout\\apps\\backend\\src\\auth\\auth.service.ts": {"path":"C:\\Users\\leederic9306\\Desktop\\workspace\\cladue\\workout\\apps\\backend\\src\\auth\\auth.service.ts","statementMap":{"0":{"start":{"line":1,"column":0},"end":{"line":1,"column":null}},"1":{"start":{"line":8,"column":0},"end":{"line":8,"column":47}},"2":{"start":{"line":9,"column":0},"end":{"line":9,"column":41}},"3":{"start":{"line":10,"column":0},"end":{"line":10,"column":33}},"4":{"start":{"line":11,"column":0},"end":{"line":11,"column":37}},"5":{"start":{"line":12,"column":0},"end":{"line":12,"column":57}},"6":{"start":{"line":13,"column":0},"end":{"line":13,"column":66}},"7":{"start":{"line":24,"column":20},"end":{"line":24,"column":22}},"8":{"start":{"line":34,"column":2},"end":{"line":40,"column":4}},"9":{"start":{"line":47,"column":24},"end":{"line":261,"column":null}},"10":{"start":{"line":55,"column":21},"end":{"line":55,"column":29}},"11":{"start":{"line":56,"column":21},"end":{"line":56,"column":33}},"12":{"start":{"line":57,"column":21},"end":{"line":57,"column":36}},"13":{"start":{"line":58,"column":21},"end":{"line":58,"column":36}},"14":{"start":{"line":48,"column":19},"end":{"line":48,"column":57}},"15":{"start":{"line":60,"column":4},"end":{"line":60,"column":76}},"16":{"start":{"line":61,"column":4},"end":{"line":62,"column":66}},"17":{"start":{"line":63,"column":4},"end":{"line":65,"column":6}},"18":{"start":{"line":66,"column":4},"end":{"line":68,"column":6}},"19":{"start":{"line":73,"column":19},"end":{"line":75,"column":6}},"20":{"start":{"line":77,"column":4},"end":{"line":79,"column":5}},"21":{"start":{"line":78,"column":6},"end":{"line":78,"column":57}},"22":{"start":{"line":80,"column":4},"end":{"line":82,"column":5}},"23":{"start":{"line":81,"column":6},"end":{"line":81,"column":56}},"24":{"start":{"line":83,"column":4},"end":{"line":85,"column":5}},"25":{"start":{"line":84,"column":6},"end":{"line":84,"column":53}},"26":{"start":{"line":87,"column":4},"end":{"line":87,"column":27}},"27":{"start":{"line":94,"column":25},"end":{"line":94,"column":69}},"28":{"start":{"line":96,"column":17},"end":{"line":140,"column":6}},"29":{"start":{"line":98,"column":21},"end":{"line":100,"column":8}},"30":{"start":{"line":101,"column":6},"end":{"line":103,"column":7}},"31":{"start":{"line":102,"column":8},"end":{"line":102,"column":59}},"32":{"start":{"line":104,"column":6},"end":{"line":106,"column":7}},"33":{"start":{"line":105,"column":8},"end":{"line":105,"column":58}},"34":{"start":{"line":107,"column":6},"end":{"line":109,"column":7}},"35":{"start":{"line":108,"column":8},"end":{"line":108,"column":55}},"36":{"start":{"line":112,"column":23},"end":{"line":114,"column":8}},"37":{"start":{"line":115,"column":6},"end":{"line":117,"column":7}},"38":{"start":{"line":116,"column":8},"end":{"line":116,"column":56}},"39":{"start":{"line":120,"column":22},"end":{"line":131,"column":8}},"40":{"start":{"line":134,"column":6},"end":{"line":137,"column":9}},"41":{"start":{"line":139,"column":6},"end":{"line":139,"column":21}},"42":{"start":{"line":143,"column":30},"end":{"line":143,"column":61}},"43":{"start":{"line":144,"column":4},"end":{"line":148,"column":9}},"44":{"start":{"line":147,"column":8},"end":{"line":147,"column":80}},"45":{"start":{"line":151,"column":19},"end":{"line":151,"column":82}},"46":{"start":{"line":152,"column":4},"end":{"line":152,"column":65}},"47":{"start":{"line":154,"column":4},"end":{"line":154,"column":42}},"48":{"start":{"line":159,"column":17},"end":{"line":161,"column":6}},"49":{"start":{"line":164,"column":4},"end":{"line":166,"column":5}},"50":{"start":{"line":165,"column":6},"end":{"line":165,"column":65}},"51":{"start":{"line":168,"column":15},"end":{"line":168,"column":68}},"52":{"start":{"line":169,"column":4},"end":{"line":171,"column":5}},"53":{"start":{"line":170,"column":6},"end":{"line":170,"column":65}},"54":{"start":{"line":173,"column":19},"end":{"line":176,"column":null}},"55":{"start":{"line":178,"column":4},"end":{"line":178,"column":65}},"56":{"start":{"line":180,"column":4},"end":{"line":180,"column":42}},"57":{"start":{"line":190,"column":17},"end":{"line":190,"column":77}},"58":{"start":{"line":191,"column":4},"end":{"line":193,"column":5}},"59":{"start":{"line":192,"column":6},"end":{"line":192,"column":52}},"60":{"start":{"line":195,"column":18},"end":{"line":197,"column":null}},"61":{"start":{"line":199,"column":4},"end":{"line":206,"column":5}},"62":{"start":{"line":201,"column":6},"end":{"line":204,"column":9}},"63":{"start":{"line":205,"column":6},"end":{"line":205,"column":61}},"64":{"start":{"line":208,"column":19},"end":{"line":211,"column":null}},"65":{"start":{"line":213,"column":4},"end":{"line":213,"column":65}},"66":{"start":{"line":214,"column":4},"end":{"line":214,"column":18}},"67":{"start":{"line":219,"column":4},"end":{"line":222,"column":7}},"68":{"start":{"line":231,"column":38},"end":{"line":235,"column":6}},"69":{"start":{"line":236,"column":46},"end":{"line":236,"column":61}},"70":{"start":{"line":238,"column":24},"end":{"line":241,"column":6}},"71":{"start":{"line":242,"column":25},"end":{"line":245,"column":6}},"72":{"start":{"line":247,"column":4},"end":{"line":247,"column":41}},"73":{"start":{"line":255,"column":17},"end":{"line":255,"column":61}},"74":{"start":{"line":256,"column":4},"end":{"line":259,"column":7}},"75":{"start":{"line":47,"column":13},"end":{"line":47,"column":24}},"76":{"start":{"line":47,"column":13},"end":{"line":261,"column":null}}},"fnMap":{"0":{"name":"isOnboardingCompleted","decl":{"start":{"line":27,"column":9},"end":{"line":27,"column":30}},"loc":{"start":{"line":33,"column":1},"end":{"line":41,"column":1}}},"1":{"name":"(anonymous_3)","decl":{"start":{"line":54,"column":2},"end":{"line":54,"column":null}},"loc":{"start":{"line":58,"column":49},"end":{"line":69,"column":3}}},"2":{"name":"(anonymous_4)","decl":{"start":{"line":72,"column":2},"end":{"line":72,"column":7}},"loc":{"start":{"line":72,"column":37},"end":{"line":88,"column":3}}},"3":{"name":"(anonymous_5)","decl":{"start":{"line":93,"column":2},"end":{"line":93,"column":7}},"loc":{"start":{"line":93,"column":29},"end":{"line":155,"column":3}}},"4":{"name":"(anonymous_6)","decl":{"start":{"line":96,"column":48},"end":{"line":96,"column":53}},"loc":{"start":{"line":96,"column":61},"end":{"line":140,"column":5}}},"5":{"name":"(anonymous_7)","decl":{"start":{"line":146,"column":13},"end":{"line":146,"column":14}},"loc":{"start":{"line":146,"column":28},"end":{"line":148,"column":7}}},"6":{"name":"(anonymous_8)","decl":{"start":{"line":158,"column":2},"end":{"line":158,"column":7}},"loc":{"start":{"line":158,"column":27},"end":{"line":181,"column":3}}},"7":{"name":"(anonymous_9)","decl":{"start":{"line":186,"column":2},"end":{"line":186,"column":7}},"loc":{"start":{"line":188,"column":33},"end":{"line":215,"column":3}}},"8":{"name":"(anonymous_10)","decl":{"start":{"line":218,"column":2},"end":{"line":218,"column":7}},"loc":{"start":{"line":218,"column":45},"end":{"line":223,"column":3}}},"9":{"name":"(anonymous_11)","decl":{"start":{"line":226,"column":2},"end":{"line":226,"column":7}},"loc":{"start":{"line":229,"column":32},"end":{"line":248,"column":3}}},"10":{"name":"(anonymous_12)","decl":{"start":{"line":251,"column":10},"end":{"line":251,"column":15}},"loc":{"start":{"line":253,"column":24},"end":{"line":260,"column":3}}}},"branchMap":{"0":{"loc":{"start":{"line":35,"column":4},"end":{"line":39,"column":26}},"type":"binary-expr","locations":[{"start":{"line":35,"column":4},"end":{"line":35,"column":17}},{"start":{"line":36,"column":6},"end":{"line":36,"column":17}},{"start":{"line":37,"column":6},"end":{"line":37,"column":20}},{"start":{"line":38,"column":6},"end":{"line":38,"column":17}},{"start":{"line":39,"column":6},"end":{"line":39,"column":26}}]},"1":{"loc":{"start":{"line":64,"column":6},"end":{"line":64,"column":64}},"type":"binary-expr","locations":[{"start":{"line":64,"column":6},"end":{"line":64,"column":57}},{"start":{"line":64,"column":61},"end":{"line":64,"column":64}}]},"2":{"loc":{"start":{"line":67,"column":6},"end":{"line":67,"column":69}},"type":"binary-expr","locations":[{"start":{"line":67,"column":6},"end":{"line":67,"column":58}},{"start":{"line":67,"column":62},"end":{"line":67,"column":69}}]},"3":{"loc":{"start":{"line":77,"column":4},"end":{"line":79,"column":5}},"type":"if","locations":[{"start":{"line":77,"column":4},"end":{"line":79,"column":5}}]},"4":{"loc":{"start":{"line":80,"column":4},"end":{"line":82,"column":5}},"type":"if","locations":[{"start":{"line":80,"column":4},"end":{"line":82,"column":5}}]},"5":{"loc":{"start":{"line":83,"column":4},"end":{"line":85,"column":5}},"type":"if","locations":[{"start":{"line":83,"column":4},"end":{"line":85,"column":5}}]},"6":{"loc":{"start":{"line":101,"column":6},"end":{"line":103,"column":7}},"type":"if","locations":[{"start":{"line":101,"column":6},"end":{"line":103,"column":7}}]},"7":{"loc":{"start":{"line":104,"column":6},"end":{"line":106,"column":7}},"type":"if","locations":[{"start":{"line":104,"column":6},"end":{"line":106,"column":7}}]},"8":{"loc":{"start":{"line":107,"column":6},"end":{"line":109,"column":7}},"type":"if","locations":[{"start":{"line":107,"column":6},"end":{"line":109,"column":7}}]},"9":{"loc":{"start":{"line":115,"column":6},"end":{"line":117,"column":7}},"type":"if","locations":[{"start":{"line":115,"column":6},"end":{"line":117,"column":7}}]},"10":{"loc":{"start":{"line":164,"column":4},"end":{"line":166,"column":5}},"type":"if","locations":[{"start":{"line":164,"column":4},"end":{"line":166,"column":5}}]},"11":{"loc":{"start":{"line":164,"column":8},"end":{"line":164,"column":35}},"type":"binary-expr","locations":[{"start":{"line":164,"column":8},"end":{"line":164,"column":13}},{"start":{"line":164,"column":17},"end":{"line":164,"column":35}}]},"12":{"loc":{"start":{"line":169,"column":4},"end":{"line":171,"column":5}},"type":"if","locations":[{"start":{"line":169,"column":4},"end":{"line":171,"column":5}}]},"13":{"loc":{"start":{"line":191,"column":4},"end":{"line":193,"column":5}},"type":"if","locations":[{"start":{"line":191,"column":4},"end":{"line":193,"column":5}}]},"14":{"loc":{"start":{"line":191,"column":8},"end":{"line":191,"column":39}},"type":"binary-expr","locations":[{"start":{"line":191,"column":8},"end":{"line":191,"column":13}},{"start":{"line":191,"column":17},"end":{"line":191,"column":39}}]},"15":{"loc":{"start":{"line":199,"column":4},"end":{"line":206,"column":5}},"type":"if","locations":[{"start":{"line":199,"column":4},"end":{"line":206,"column":5}}]}},"s":{"0":2,"1":2,"2":2,"3":2,"4":2,"5":2,"6":2,"7":2,"8":2,"9":2,"10":19,"11":19,"12":19,"13":19,"14":19,"15":19,"16":19,"17":19,"18":19,"19":4,"20":4,"21":1,"22":3,"23":1,"24":2,"25":1,"26":1,"27":5,"28":5,"29":5,"30":5,"31":1,"32":4,"33":0,"34":4,"35":0,"36":4,"37":4,"38":1,"39":3,"40":3,"41":3,"42":3,"43":3,"44":1,"45":3,"46":3,"47":3,"48":4,"49":4,"50":2,"51":2,"52":2,"53":1,"54":1,"55":1,"56":1,"57":3,"58":3,"59":1,"60":2,"61":2,"62":1,"63":1,"64":1,"65":1,"66":1,"67":1,"68":7,"69":7,"70":7,"71":7,"72":7,"73":5,"74":5,"75":2,"76":2},"f":{"0":2,"1":19,"2":4,"3":5,"4":5,"5":1,"6":4,"7":3,"8":1,"9":7,"10":5},"b":{"0":[2,2,2,2,2],"1":[19,0],"2":[19,0],"3":[1],"4":[1],"5":[1],"6":[1],"7":[0],"8":[0],"9":[1],"10":[2],"11":[4,3],"12":[1],"13":[1],"14":[3,3],"15":[1]}}
,"C:\\Users\\leederic9306\\Desktop\\workspace\\cladue\\workout\\apps\\backend\\src\\auth\\dto\\login.dto.ts": {"path":"C:\\Users\\leederic9306\\Desktop\\workspace\\cladue\\workout\\apps\\backend\\src\\auth\\dto\\login.dto.ts","statementMap":{"0":{"start":{"line":1,"column":0},"end":{"line":1,"column":64}},"1":{"start":{"line":4,"column":0},"end":{"line":4,"column":13}},"2":{"start":{"line":6,"column":2},"end":{"line":6,"column":null}},"3":{"start":{"line":10,"column":2},"end":{"line":10,"column":null}}},"fnMap":{},"branchMap":{},"s":{"0":1,"1":1,"2":1,"3":1},"f":{},"b":{}}
,"C:\\Users\\leederic9306\\Desktop\\workspace\\cladue\\workout\\apps\\backend\\src\\auth\\dto\\refresh-token.dto.ts": {"path":"C:\\Users\\leederic9306\\Desktop\\workspace\\cladue\\workout\\apps\\backend\\src\\auth\\dto\\refresh-token.dto.ts","statementMap":{"0":{"start":{"line":1,"column":0},"end":{"line":1,"column":62}},"1":{"start":{"line":4,"column":0},"end":{"line":4,"column":13}},"2":{"start":{"line":8,"column":2},"end":{"line":8,"column":null}}},"fnMap":{},"branchMap":{},"s":{"0":1,"1":1,"2":1},"f":{},"b":{}}
,"C:\\Users\\leederic9306\\Desktop\\workspace\\cladue\\workout\\apps\\backend\\src\\auth\\dto\\signup.dto.ts": {"path":"C:\\Users\\leederic9306\\Desktop\\workspace\\cladue\\workout\\apps\\backend\\src\\auth\\dto\\signup.dto.ts","statementMap":{"0":{"start":{"line":1,"column":0},"end":{"line":1,"column":null}},"1":{"start":{"line":15,"column":0},"end":{"line":15,"column":41}},"2":{"start":{"line":16,"column":0},"end":{"line":16,"column":57}},"3":{"start":{"line":20,"column":2},"end":{"line":20,"column":71}},"4":{"start":{"line":23,"column":21},"end":{"line":27,"column":1}},"5":{"start":{"line":24,"column":12},"end":{"line":24,"column":22}},"6":{"start":{"line":25,"column":2},"end":{"line":25,"column":39}},"7":{"start":{"line":26,"column":2},"end":{"line":26,"column":11}},"8":{"start":{"line":30,"column":0},"end":{"line":30,"column":13}},"9":{"start":{"line":32,"column":2},"end":{"line":32,"column":null}},"10":{"start":{"line":39,"column":2},"end":{"line":39,"column":null}},"11":{"start":{"line":43,"column":2},"end":{"line":43,"column":null}},"12":{"start":{"line":47,"column":2},"end":{"line":47,"column":null}},"13":{"start":{"line":50,"column":2},"end":{"line":50,"column":null}},"14":{"start":{"line":56,"column":2},"end":{"line":56,"column":null}},"15":{"start":{"line":55,"column":14},"end":{"line":55,"column":18}},"16":{"start":{"line":61,"column":2},"end":{"line":61,"column":null}},"17":{"start":{"line":64,"column":2},"end":{"line":64,"column":null}}},"fnMap":{"0":{"name":"(anonymous_2)","decl":{"start":{"line":23,"column":21},"end":{"line":23,"column":30}},"loc":{"start":{"line":23,"column":32},"end":{"line":27,"column":1}}},"1":{"name":"(anonymous_3)","decl":{"start":{"line":55,"column":8},"end":{"line":55,"column":11}},"loc":{"start":{"line":55,"column":14},"end":{"line":55,"column":18}}}},"branchMap":{},"s":{"0":1,"1":1,"2":1,"3":1,"4":1,"5":1,"6":1,"7":1,"8":1,"9":1,"10":1,"11":1,"12":1,"13":1,"14":1,"15":0,"16":1,"17":1},"f":{"0":1,"1":0},"b":{}}
,"C:\\Users\\leederic9306\\Desktop\\workspace\\cladue\\workout\\apps\\backend\\src\\auth\\dto\\verify-invite-code.dto.ts": {"path":"C:\\Users\\leederic9306\\Desktop\\workspace\\cladue\\workout\\apps\\backend\\src\\auth\\dto\\verify-invite-code.dto.ts","statementMap":{"0":{"start":{"line":1,"column":0},"end":{"line":1,"column":55}},"1":{"start":{"line":4,"column":0},"end":{"line":4,"column":13}},"2":{"start":{"line":7,"column":2},"end":{"line":7,"column":null}}},"fnMap":{},"branchMap":{},"s":{"0":1,"1":1,"2":1},"f":{},"b":{}}
,"C:\\Users\\leederic9306\\Desktop\\workspace\\cladue\\workout\\apps\\backend\\src\\auth\\guards\\jwt-auth.guard.ts": {"path":"C:\\Users\\leederic9306\\Desktop\\workspace\\cladue\\workout\\apps\\backend\\src\\auth\\guards\\jwt-auth.guard.ts","statementMap":{"0":{"start":{"line":1,"column":0},"end":{"line":1,"column":44}},"1":{"start":{"line":2,"column":0},"end":{"line":2,"column":45}},"2":{"start":{"line":6,"column":7},"end":{"line":6,"column":null}},"3":{"start":{"line":6,"column":13},"end":{"line":6,"column":25}},"4":{"start":{"line":6,"column":13},"end":{"line":6,"column":null}}},"fnMap":{},"branchMap":{},"s":{"0":1,"1":1,"2":1,"3":1,"4":1},"f":{},"b":{}}
,"C:\\Users\\leederic9306\\Desktop\\workspace\\cladue\\workout\\apps\\backend\\src\\auth\\guards\\jwt-refresh.guard.ts": {"path":"C:\\Users\\leederic9306\\Desktop\\workspace\\cladue\\workout\\apps\\backend\\src\\auth\\guards\\jwt-refresh.guard.ts","statementMap":{"0":{"start":{"line":1,"column":0},"end":{"line":1,"column":44}},"1":{"start":{"line":2,"column":0},"end":{"line":2,"column":45}},"2":{"start":{"line":6,"column":7},"end":{"line":6,"column":null}},"3":{"start":{"line":6,"column":13},"end":{"line":6,"column":28}},"4":{"start":{"line":6,"column":13},"end":{"line":6,"column":null}}},"fnMap":{},"branchMap":{},"s":{"0":1,"1":1,"2":1,"3":1,"4":1},"f":{},"b":{}}
,"C:\\Users\\leederic9306\\Desktop\\workspace\\cladue\\workout\\apps\\backend\\src\\auth\\strategies\\jwt-refresh.strategy.ts": {"path":"C:\\Users\\leederic9306\\Desktop\\workspace\\cladue\\workout\\apps\\backend\\src\\auth\\strategies\\jwt-refresh.strategy.ts","statementMap":{"0":{"start":{"line":1,"column":0},"end":{"line":1,"column":67}},"1":{"start":{"line":2,"column":0},"end":{"line":2,"column":47}},"2":{"start":{"line":3,"column":0},"end":{"line":3,"column":52}},"3":{"start":{"line":4,"column":0},"end":{"line":4,"column":52}},"4":{"start":{"line":10,"column":7},"end":{"line":42,"column":null}},"5":{"start":{"line":15,"column":19},"end":{"line":15,"column":66}},"6":{"start":{"line":16,"column":4},"end":{"line":20,"column":5}},"7":{"start":{"line":17,"column":6},"end":{"line":19,"column":8}},"8":{"start":{"line":21,"column":4},"end":{"line":26,"column":7}},"9":{"start":{"line":33,"column":4},"end":{"line":35,"column":5}},"10":{"start":{"line":34,"column":6},"end":{"line":34,"column":57}},"11":{"start":{"line":36,"column":26},"end":{"line":36,"column":78}},"12":{"start":{"line":37,"column":4},"end":{"line":39,"column":5}},"13":{"start":{"line":38,"column":6},"end":{"line":38,"column":56}},"14":{"start":{"line":40,"column":4},"end":{"line":40,"column":40}},"15":{"start":{"line":10,"column":13},"end":{"line":10,"column":31}},"16":{"start":{"line":10,"column":13},"end":{"line":42,"column":null}}},"fnMap":{"0":{"name":"(anonymous_2)","decl":{"start":{"line":14,"column":2},"end":{"line":14,"column":14}},"loc":{"start":{"line":14,"column":42},"end":{"line":27,"column":3}}},"1":{"name":"(anonymous_3)","decl":{"start":{"line":29,"column":2},"end":{"line":29,"column":7}},"loc":{"start":{"line":31,"column":30},"end":{"line":41,"column":3}}}},"branchMap":{"0":{"loc":{"start":{"line":16,"column":4},"end":{"line":20,"column":5}},"type":"if","locations":[{"start":{"line":16,"column":4},"end":{"line":20,"column":5}}]},"1":{"loc":{"start":{"line":33,"column":4},"end":{"line":35,"column":5}},"type":"if","locations":[{"start":{"line":33,"column":4},"end":{"line":35,"column":5}}]},"2":{"loc":{"start":{"line":37,"column":4},"end":{"line":39,"column":5}},"type":"if","locations":[{"start":{"line":37,"column":4},"end":{"line":39,"column":5}}]}},"s":{"0":0,"1":0,"2":0,"3":0,"4":0,"5":0,"6":0,"7":0,"8":0,"9":0,"10":0,"11":0,"12":0,"13":0,"14":0,"15":0,"16":0},"f":{"0":0,"1":0},"b":{"0":[0],"1":[0],"2":[0]}}
,"C:\\Users\\leederic9306\\Desktop\\workspace\\cladue\\workout\\apps\\backend\\src\\auth\\strategies\\jwt.strategy.ts": {"path":"C:\\Users\\leederic9306\\Desktop\\workspace\\cladue\\workout\\apps\\backend\\src\\auth\\strategies\\jwt.strategy.ts","statementMap":{"0":{"start":{"line":1,"column":0},"end":{"line":1,"column":67}},"1":{"start":{"line":2,"column":0},"end":{"line":2,"column":47}},"2":{"start":{"line":3,"column":0},"end":{"line":3,"column":52}},"3":{"start":{"line":4,"column":0},"end":{"line":4,"column":52}},"4":{"start":{"line":9,"column":7},"end":{"line":29,"column":null}},"5":{"start":{"line":11,"column":19},"end":{"line":11,"column":58}},"6":{"start":{"line":12,"column":4},"end":{"line":14,"column":5}},"7":{"start":{"line":13,"column":6},"end":{"line":13,"column":71}},"8":{"start":{"line":15,"column":4},"end":{"line":19,"column":7}},"9":{"start":{"line":24,"column":4},"end":{"line":26,"column":5}},"10":{"start":{"line":25,"column":6},"end":{"line":25,"column":52}},"11":{"start":{"line":27,"column":4},"end":{"line":27,"column":19}},"12":{"start":{"line":9,"column":13},"end":{"line":9,"column":24}},"13":{"start":{"line":9,"column":13},"end":{"line":29,"column":null}}},"fnMap":{"0":{"name":"(anonymous_2)","decl":{"start":{"line":10,"column":2},"end":{"line":10,"column":14}},"loc":{"start":{"line":10,"column":42},"end":{"line":20,"column":3}}},"1":{"name":"(anonymous_3)","decl":{"start":{"line":23,"column":2},"end":{"line":23,"column":7}},"loc":{"start":{"line":23,"column":36},"end":{"line":28,"column":3}}}},"branchMap":{"0":{"loc":{"start":{"line":12,"column":4},"end":{"line":14,"column":5}},"type":"if","locations":[{"start":{"line":12,"column":4},"end":{"line":14,"column":5}}]},"1":{"loc":{"start":{"line":24,"column":4},"end":{"line":26,"column":5}},"type":"if","locations":[{"start":{"line":24,"column":4},"end":{"line":26,"column":5}}]}},"s":{"0":0,"1":0,"2":0,"3":0,"4":0,"5":0,"6":0,"7":0,"8":0,"9":0,"10":0,"11":0,"12":0,"13":0},"f":{"0":0,"1":0},"b":{"0":[0],"1":[0]}}
,"C:\\Users\\leederic9306\\Desktop\\workspace\\cladue\\workout\\apps\\backend\\src\\common\\filters\\all-exceptions.filter.ts": {"path":"C:\\Users\\leederic9306\\Desktop\\workspace\\cladue\\workout\\apps\\backend\\src\\common\\filters\\all-exceptions.filter.ts","statementMap":{"0":{"start":{"line":1,"column":0},"end":{"line":1,"column":null}},"1":{"start":{"line":12,"column":32},"end":{"line":41,"column":null}},"2":{"start":{"line":13,"column":19},"end":{"line":13,"column":65}},"3":{"start":{"line":16,"column":16},"end":{"line":16,"column":35}},"4":{"start":{"line":17,"column":21},"end":{"line":17,"column":48}},"5":{"start":{"line":18,"column":20},"end":{"line":18,"column":45}},"6":{"start":{"line":21,"column":6},"end":{"line":23,"column":42}},"7":{"start":{"line":26,"column":6},"end":{"line":28,"column":33}},"8":{"start":{"line":30,"column":4},"end":{"line":32,"column":5}},"9":{"start":{"line":31,"column":6},"end":{"line":31,"column":126}},"10":{"start":{"line":34,"column":4},"end":{"line":39,"column":7}},"11":{"start":{"line":12,"column":13},"end":{"line":12,"column":32}},"12":{"start":{"line":12,"column":13},"end":{"line":41,"column":null}}},"fnMap":{"0":{"name":"(anonymous_1)","decl":{"start":{"line":12,"column":7},"end":{"line":12,"column":13}},"loc":{"start":{"line":12,"column":7},"end":{"line":41,"column":1}}},"1":{"name":"(anonymous_2)","decl":{"start":{"line":15,"column":2},"end":{"line":15,"column":7}},"loc":{"start":{"line":15,"column":47},"end":{"line":40,"column":3}}}},"branchMap":{"0":{"loc":{"start":{"line":21,"column":6},"end":{"line":23,"column":42}},"type":"cond-expr","locations":[{"start":{"line":22,"column":10},"end":{"line":22,"column":31}},{"start":{"line":23,"column":10},"end":{"line":23,"column":42}}]},"1":{"loc":{"start":{"line":26,"column":6},"end":{"line":28,"column":33}},"type":"cond-expr","locations":[{"start":{"line":27,"column":10},"end":{"line":27,"column":33}},{"start":{"line":28,"column":10},"end":{"line":28,"column":33}}]},"2":{"loc":{"start":{"line":30,"column":4},"end":{"line":32,"column":5}},"type":"if","locations":[{"start":{"line":30,"column":4},"end":{"line":32,"column":5}}]},"3":{"loc":{"start":{"line":31,"column":60},"end":{"line":31,"column":124}},"type":"cond-expr","locations":[{"start":{"line":31,"column":89},"end":{"line":31,"column":104}},{"start":{"line":31,"column":107},"end":{"line":31,"column":124}}]}},"s":{"0":0,"1":0,"2":0,"3":0,"4":0,"5":0,"6":0,"7":0,"8":0,"9":0,"10":0,"11":0,"12":0},"f":{"0":0,"1":0},"b":{"0":[0,0],"1":[0,0],"2":[0],"3":[0,0]}}
,"C:\\Users\\leederic9306\\Desktop\\workspace\\cladue\\workout\\apps\\backend\\src\\common\\services\\resend.service.ts": {"path":"C:\\Users\\leederic9306\\Desktop\\workspace\\cladue\\workout\\apps\\backend\\src\\common\\services\\resend.service.ts","statementMap":{"0":{"start":{"line":1,"column":0},"end":{"line":1,"column":52}},"1":{"start":{"line":2,"column":0},"end":{"line":2,"column":47}},"2":{"start":{"line":7,"column":26},"end":{"line":58,"column":null}},"3":{"start":{"line":12,"column":31},"end":{"line":12,"column":46}},"4":{"start":{"line":8,"column":19},"end":{"line":8,"column":59}},"5":{"start":{"line":13,"column":4},"end":{"line":13,"column":73}},"6":{"start":{"line":14,"column":4},"end":{"line":15,"column":75}},"7":{"start":{"line":23,"column":4},"end":{"line":56,"column":5}},"8":{"start":{"line":24,"column":6},"end":{"line":29,"column":7}},"9":{"start":{"line":25,"column":8},"end":{"line":27,"column":10}},"10":{"start":{"line":28,"column":8},"end":{"line":28,"column":15}},"11":{"start":{"line":31,"column":30},"end":{"line":31,"column":91}},"12":{"start":{"line":33,"column":23},"end":{"line":45,"column":8}},"13":{"start":{"line":47,"column":6},"end":{"line":50,"column":7}},"14":{"start":{"line":48,"column":26},"end":{"line":48,"column":47}},"15":{"start":{"line":49,"column":8},"end":{"line":49,"column":81}},"16":{"start":{"line":53,"column":6},"end":{"line":55,"column":8}},"17":{"start":{"line":7,"column":13},"end":{"line":7,"column":26}},"18":{"start":{"line":7,"column":13},"end":{"line":58,"column":null}}},"fnMap":{"0":{"name":"(anonymous_2)","decl":{"start":{"line":12,"column":2},"end":{"line":12,"column":31}},"loc":{"start":{"line":12,"column":59},"end":{"line":16,"column":3}}},"1":{"name":"(anonymous_3)","decl":{"start":{"line":19,"column":2},"end":{"line":19,"column":7}},"loc":{"start":{"line":21,"column":29},"end":{"line":57,"column":3}}}},"branchMap":{"0":{"loc":{"start":{"line":13,"column":18},"end":{"line":13,"column":72}},"type":"binary-expr","locations":[{"start":{"line":13,"column":18},"end":{"line":13,"column":66}},{"start":{"line":13,"column":70},"end":{"line":13,"column":72}}]},"1":{"loc":{"start":{"line":15,"column":6},"end":{"line":15,"column":74}},"type":"binary-expr","locations":[{"start":{"line":15,"column":6},"end":{"line":15,"column":47}},{"start":{"line":15,"column":51},"end":{"line":15,"column":74}}]},"2":{"loc":{"start":{"line":24,"column":6},"end":{"line":29,"column":7}},"type":"if","locations":[{"start":{"line":24,"column":6},"end":{"line":29,"column":7}}]},"3":{"loc":{"start":{"line":24,"column":10},"end":{"line":24,"column":63}},"type":"binary-expr","locations":[{"start":{"line":24,"column":10},"end":{"line":24,"column":22}},{"start":{"line":24,"column":26},"end":{"line":24,"column":63}}]},"4":{"loc":{"start":{"line":47,"column":6},"end":{"line":50,"column":7}},"type":"if","locations":[{"start":{"line":47,"column":6},"end":{"line":50,"column":7}}]}},"s":{"0":2,"1":2,"2":2,"3":0,"4":0,"5":0,"6":0,"7":0,"8":0,"9":0,"10":0,"11":0,"12":0,"13":0,"14":0,"15":0,"16":0,"17":2,"18":2},"f":{"0":0,"1":0},"b":{"0":[0,0],"1":[0,0],"2":[0],"3":[0,0],"4":[0]}}
,"C:\\Users\\leederic9306\\Desktop\\workspace\\cladue\\workout\\apps\\backend\\src\\prisma\\prisma.module.ts": {"path":"C:\\Users\\leederic9306\\Desktop\\workspace\\cladue\\workout\\apps\\backend\\src\\prisma\\prisma.module.ts","statementMap":{"0":{"start":{"line":1,"column":0},"end":{"line":1,"column":48}},"1":{"start":{"line":2,"column":0},"end":{"line":2,"column":49}},"2":{"start":{"line":9,"column":7},"end":{"line":9,"column":null}},"3":{"start":{"line":9,"column":13},"end":{"line":9,"column":25}},"4":{"start":{"line":9,"column":13},"end":{"line":9,"column":null}}},"fnMap":{},"branchMap":{},"s":{"0":0,"1":0,"2":0,"3":0,"4":0},"f":{},"b":{}}
,"C:\\Users\\leederic9306\\Desktop\\workspace\\cladue\\workout\\apps\\backend\\src\\prisma\\prisma.service.ts": {"path":"C:\\Users\\leederic9306\\Desktop\\workspace\\cladue\\workout\\apps\\backend\\src\\prisma\\prisma.service.ts","statementMap":{"0":{"start":{"line":1,"column":0},"end":{"line":1,"column":58}},"1":{"start":{"line":2,"column":0},"end":{"line":2,"column":46}},"2":{"start":{"line":5,"column":7},"end":{"line":9,"column":null}},"3":{"start":{"line":7,"column":4},"end":{"line":7,"column":26}},"4":{"start":{"line":5,"column":13},"end":{"line":5,"column":26}},"5":{"start":{"line":5,"column":13},"end":{"line":9,"column":null}}},"fnMap":{"0":{"name":"(anonymous_1)","decl":{"start":{"line":6,"column":2},"end":{"line":6,"column":7}},"loc":{"start":{"line":6,"column":20},"end":{"line":8,"column":3}}}},"branchMap":{},"s":{"0":3,"1":3,"2":3,"3":0,"4":3,"5":3},"f":{"0":0},"b":{}}
,"C:\\Users\\leederic9306\\Desktop\\workspace\\cladue\\workout\\apps\\backend\\src\\users\\users.module.ts": {"path":"C:\\Users\\leederic9306\\Desktop\\workspace\\cladue\\workout\\apps\\backend\\src\\users\\users.module.ts","statementMap":{"0":{"start":{"line":1,"column":0},"end":{"line":1,"column":40}},"1":{"start":{"line":2,"column":0},"end":{"line":2,"column":47}},"2":{"start":{"line":8,"column":7},"end":{"line":8,"column":null}},"3":{"start":{"line":8,"column":13},"end":{"line":8,"column":24}},"4":{"start":{"line":8,"column":13},"end":{"line":8,"column":null}}},"fnMap":{},"branchMap":{},"s":{"0":0,"1":0,"2":0,"3":0,"4":0},"f":{},"b":{}}
,"C:\\Users\\leederic9306\\Desktop\\workspace\\cladue\\workout\\apps\\backend\\src\\users\\users.service.ts": {"path":"C:\\Users\\leederic9306\\Desktop\\workspace\\cladue\\workout\\apps\\backend\\src\\users\\users.service.ts","statementMap":{"0":{"start":{"line":1,"column":0},"end":{"line":1,"column":44}},"1":{"start":{"line":2,"column":0},"end":{"line":2,"column":57}},"2":{"start":{"line":7,"column":7},"end":{"line":19,"column":null}},"3":{"start":{"line":8,"column":31},"end":{"line":8,"column":39}},"4":{"start":{"line":12,"column":4},"end":{"line":12,"column":61}},"5":{"start":{"line":17,"column":4},"end":{"line":17,"column":58}},"6":{"start":{"line":7,"column":13},"end":{"line":7,"column":25}},"7":{"start":{"line":7,"column":13},"end":{"line":19,"column":null}}},"fnMap":{"0":{"name":"(anonymous_2)","decl":{"start":{"line":8,"column":2},"end":{"line":8,"column":31}},"loc":{"start":{"line":8,"column":52},"end":{"line":8,"column":56}}},"1":{"name":"(anonymous_3)","decl":{"start":{"line":11,"column":2},"end":{"line":11,"column":7}},"loc":{"start":{"line":11,"column":33},"end":{"line":13,"column":3}}},"2":{"name":"(anonymous_4)","decl":{"start":{"line":16,"column":2},"end":{"line":16,"column":7}},"loc":{"start":{"line":16,"column":27},"end":{"line":18,"column":3}}}},"branchMap":{},"s":{"0":0,"1":0,"2":0,"3":0,"4":0,"5":0,"6":0,"7":0},"f":{"0":0,"1":0,"2":0},"b":{}}
}
