TN:
SF:src\app.module.ts
FNF:0
FNH:0
DA:1,0
DA:2,0
DA:3,0
DA:4,0
DA:5,0
DA:15,0
LF:6
LH:0
BRF:0
BRH:0
end_of_record
TN:
SF:src\main.ts
FN:6,bootstrap
FNF:1
FNH:0
FNDA:0,bootstrap
DA:1,0
DA:2,0
DA:3,0
DA:4,0
DA:7,0
DA:9,0
DA:10,0
DA:11,0
DA:19,0
DA:20,0
DA:21,0
DA:24,0
LF:12
LH:0
BRDA:19,0,0,0
BRDA:19,0,1,0
BRF:2
BRH:0
end_of_record
TN:
SF:src\auth\auth.controller.ts
FN:23,(anonymous_4)
FN:28,(anonymous_5)
FN:35,(anonymous_6)
FN:42,(anonymous_7)
FN:50,(anonymous_8)
FN:59,(anonymous_9)
FNF:6
FNH:6
FNDA:5,(anonymous_4)
FNDA:1,(anonymous_5)
FNDA:1,(anonymous_6)
FNDA:1,(anonymous_7)
FNDA:1,(anonymous_8)
FNDA:1,(anonymous_9)
DA:1,1
DA:10,1
DA:11,1
DA:12,1
DA:13,1
DA:14,1
DA:15,1
DA:16,1
DA:22,1
DA:23,5
DA:28,1
DA:29,1
DA:35,1
DA:36,1
DA:42,1
DA:43,1
DA:50,1
DA:51,1
DA:52,1
DA:59,1
DA:60,1
DA:61,1
LF:22
LH:22
BRF:0
BRH:0
end_of_record
TN:
SF:src\auth\auth.module.ts
FNF:0
FNH:0
DA:1,0
DA:2,0
DA:3,0
DA:4,0
DA:5,0
DA:6,0
DA:7,0
DA:8,0
DA:9,0
DA:21,0
LF:10
LH:0
BRF:0
BRH:0
end_of_record
TN:
SF:src\auth\auth.service.ts
FN:27,isOnboardingCompleted
FN:54,(anonymous_3)
FN:72,(anonymous_4)
FN:93,(anonymous_5)
FN:96,(anonymous_6)
FN:146,(anonymous_7)
FN:158,(anonymous_8)
FN:186,(anonymous_9)
FN:218,(anonymous_10)
FN:226,(anonymous_11)
FN:251,(anonymous_12)
FNF:11
FNH:11
FNDA:2,isOnboardingCompleted
FNDA:19,(anonymous_3)
FNDA:4,(anonymous_4)
FNDA:5,(anonymous_5)
FNDA:5,(anonymous_6)
FNDA:1,(anonymous_7)
FNDA:4,(anonymous_8)
FNDA:3,(anonymous_9)
FNDA:1,(anonymous_10)
FNDA:7,(anonymous_11)
FNDA:5,(anonymous_12)
DA:1,2
DA:8,2
DA:9,2
DA:10,2
DA:11,2
DA:12,2
DA:13,2
DA:24,2
DA:34,2
DA:47,2
DA:48,19
DA:55,19
DA:56,19
DA:57,19
DA:58,19
DA:60,19
DA:61,19
DA:63,19
DA:66,19
DA:73,4
DA:77,4
DA:78,1
DA:80,3
DA:81,1
DA:83,2
DA:84,1
DA:87,1
DA:94,5
DA:96,5
DA:98,5
DA:101,5
DA:102,1
DA:104,4
DA:105,0
DA:107,4
DA:108,0
DA:112,4
DA:115,4
DA:116,1
DA:120,3
DA:134,3
DA:139,3
DA:143,3
DA:144,3
DA:147,1
DA:151,3
DA:152,3
DA:154,3
DA:159,4
DA:164,4
DA:165,2
DA:168,2
DA:169,2
DA:170,1
DA:173,1
DA:178,1
DA:180,1
DA:190,3
DA:191,3
DA:192,1
DA:195,2
DA:199,2
DA:201,1
DA:205,1
DA:208,1
DA:213,1
DA:214,1
DA:219,1
DA:231,7
DA:236,7
DA:238,7
DA:242,7
DA:247,7
DA:255,5
DA:256,5
LF:75
LH:73
BRDA:35,0,0,2
BRDA:35,0,1,2
BRDA:35,0,2,2
BRDA:35,0,3,2
BRDA:35,0,4,2
BRDA:64,1,0,19
BRDA:64,1,1,0
BRDA:67,2,0,19
BRDA:67,2,1,0
BRDA:77,3,0,1
BRDA:80,4,0,1
BRDA:83,5,0,1
BRDA:101,6,0,1
BRDA:104,7,0,0
BRDA:107,8,0,0
BRDA:115,9,0,1
BRDA:164,10,0,2
BRDA:164,11,0,4
BRDA:164,11,1,3
BRDA:169,12,0,1
BRDA:191,13,0,1
BRDA:191,14,0,3
BRDA:191,14,1,3
BRDA:199,15,0,1
BRF:24
BRH:20
end_of_record
TN:
SF:src\auth\dto\login.dto.ts
FNF:0
FNH:0
DA:1,1
DA:4,1
DA:6,1
DA:10,1
LF:4
LH:4
BRF:0
BRH:0
end_of_record
TN:
SF:src\auth\dto\refresh-token.dto.ts
FNF:0
FNH:0
DA:1,1
DA:4,1
DA:8,1
LF:3
LH:3
BRF:0
BRH:0
end_of_record
TN:
SF:src\auth\dto\signup.dto.ts
FN:23,(anonymous_2)
FN:55,(anonymous_3)
FNF:2
FNH:1
FNDA:1,(anonymous_2)
FNDA:0,(anonymous_3)
DA:1,1
DA:15,1
DA:16,1
DA:20,1
DA:23,1
DA:24,1
DA:25,1
DA:26,1
DA:30,1
DA:32,1
DA:39,1
DA:43,1
DA:47,1
DA:50,1
DA:55,0
DA:56,1
DA:61,1
DA:64,1
LF:18
LH:17
BRF:0
BRH:0
end_of_record
TN:
SF:src\auth\dto\verify-invite-code.dto.ts
FNF:0
FNH:0
DA:1,1
DA:4,1
DA:7,1
LF:3
LH:3
BRF:0
BRH:0
end_of_record
TN:
SF:src\auth\guards\jwt-auth.guard.ts
FNF:0
FNH:0
DA:1,1
DA:2,1
DA:6,1
LF:3
LH:3
BRF:0
BRH:0
end_of_record
TN:
SF:src\auth\guards\jwt-refresh.guard.ts
FNF:0
FNH:0
DA:1,1
DA:2,1
DA:6,1
LF:3
LH:3
BRF:0
BRH:0
end_of_record
TN:
SF:src\auth\strategies\jwt-refresh.strategy.ts
FN:14,(anonymous_2)
FN:29,(anonymous_3)
FNF:2
FNH:0
FNDA:0,(anonymous_2)
FNDA:0,(anonymous_3)
DA:1,0
DA:2,0
DA:3,0
DA:4,0
DA:10,0
DA:15,0
DA:16,0
DA:17,0
DA:21,0
DA:33,0
DA:34,0
DA:36,0
DA:37,0
DA:38,0
DA:40,0
LF:15
LH:0
BRDA:16,0,0,0
BRDA:33,1,0,0
BRDA:37,2,0,0
BRF:3
BRH:0
end_of_record
TN:
SF:src\auth\strategies\jwt.strategy.ts
FN:10,(anonymous_2)
FN:23,(anonymous_3)
FNF:2
FNH:0
FNDA:0,(anonymous_2)
FNDA:0,(anonymous_3)
DA:1,0
DA:2,0
DA:3,0
DA:4,0
DA:9,0
DA:11,0
DA:12,0
DA:13,0
DA:15,0
DA:24,0
DA:25,0
DA:27,0
LF:12
LH:0
BRDA:12,0,0,0
BRDA:24,1,0,0
BRF:2
BRH:0
end_of_record
TN:
SF:src\common\filters\all-exceptions.filter.ts
FN:12,(anonymous_1)
FN:15,(anonymous_2)
FNF:2
FNH:0
FNDA:0,(anonymous_1)
FNDA:0,(anonymous_2)
DA:1,0
DA:12,0
DA:13,0
DA:16,0
DA:17,0
DA:18,0
DA:21,0
DA:26,0
DA:30,0
DA:31,0
DA:34,0
LF:11
LH:0
BRDA:21,0,0,0
BRDA:21,0,1,0
BRDA:26,1,0,0
BRDA:26,1,1,0
BRDA:30,2,0,0
BRDA:31,3,0,0
BRDA:31,3,1,0
BRF:7
BRH:0
end_of_record
TN:
SF:src\common\services\resend.service.ts
FN:12,(anonymous_2)
FN:19,(anonymous_3)
FNF:2
FNH:0
FNDA:0,(anonymous_2)
FNDA:0,(anonymous_3)
DA:1,2
DA:2,2
DA:7,2
DA:8,0
DA:12,0
DA:13,0
DA:14,0
DA:23,0
DA:24,0
DA:25,0
DA:28,0
DA:31,0
DA:33,0
DA:47,0
DA:48,0
DA:49,0
DA:53,0
LF:17
LH:3
BRDA:13,0,0,0
BRDA:13,0,1,0
BRDA:15,1,0,0
BRDA:15,1,1,0
BRDA:24,2,0,0
BRDA:24,3,0,0
BRDA:24,3,1,0
BRDA:47,4,0,0
BRF:8
BRH:0
end_of_record
TN:
SF:src\prisma\prisma.module.ts
FNF:0
FNH:0
DA:1,0
DA:2,0
DA:9,0
LF:3
LH:0
BRF:0
BRH:0
end_of_record
TN:
SF:src\prisma\prisma.service.ts
FN:6,(anonymous_1)
FNF:1
FNH:0
FNDA:0,(anonymous_1)
DA:1,3
DA:2,3
DA:5,3
DA:7,0
LF:4
LH:3
BRF:0
BRH:0
end_of_record
TN:
SF:src\users\users.module.ts
FNF:0
FNH:0
DA:1,0
DA:2,0
DA:8,0
LF:3
LH:0
BRF:0
BRH:0
end_of_record
TN:
SF:src\users\users.service.ts
FN:8,(anonymous_2)
FN:11,(anonymous_3)
FN:16,(anonymous_4)
FNF:3
FNH:0
FNDA:0,(anonymous_2)
FNDA:0,(anonymous_3)
FNDA:0,(anonymous_4)
DA:1,0
DA:2,0
DA:7,0
DA:8,0
DA:12,0
DA:17,0
LF:6
LH:0
BRF:0
BRH:0
end_of_record
